<?xml version="1.0" encoding="UTF-8"?>
<!-- Generated by org.testng.reporters.JUnitReportReporter -->
<testsuite hostname="IMPETUS-NL652" failures="0" tests="2" name="TestNg.selenium.CaseStudyTset" time="17.034" errors="0" timestamp="2021-10-21T15:24:33 IST" skipped="0">
  <testcase classname="TestNg.selenium.CaseStudyTset" name="registerUser" time="7.711"/>
  <system-out/>
  <testcase classname="TestNg.selenium.CaseStudyTset" name="login" time="9.323"/>
  <system-out/>
</testsuite> <!-- TestNg.selenium.CaseStudyTset -->
